d:\enginedevlabs\memorymanagement\memorymanagement\renderer\renderer\x64\debug\vc141.pdb
d:\enginedevlabs\memorymanagement\memorymanagement\renderer\renderer\x64\debug\vc141.idb
d:\enginedevlabs\memorymanagement\memorymanagement\renderer\renderer\x64\debug\renderer.obj
d:\enginedevlabs\memorymanagement\memorymanagement\renderer\renderer\x64\debug\main.obj
d:\enginedevlabs\memorymanagement\memorymanagement\renderer\renderer\x64\debug\dev_app.obj
d:\enginedevlabs\memorymanagement\memorymanagement\renderer\renderer\x64\debug\debug_renderer.obj
d:\enginedevlabs\memorymanagement\memorymanagement\renderer\renderer\x64\debug\blob.obj
d:\enginedevlabs\memorymanagement\memorymanagement\renderer\renderer\ps_cube.cso
d:\enginedevlabs\memorymanagement\memorymanagement\renderer\renderer\ps_line.cso
d:\enginedevlabs\memorymanagement\memorymanagement\renderer\renderer\vs_cube.cso
d:\enginedevlabs\memorymanagement\memorymanagement\renderer\renderer\vs_line.cso
d:\enginedevlabs\memorymanagement\memorymanagement\renderer\x64\debug\renderer.exe
d:\enginedevlabs\memorymanagement\memorymanagement\renderer\x64\debug\renderer.ilk
d:\enginedevlabs\memorymanagement\memorymanagement\renderer\x64\debug\renderer.pdb
d:\enginedevlabs\memorymanagement\memorymanagement\renderer\renderer\x64\debug\renderer.tlog\cl.command.1.tlog
d:\enginedevlabs\memorymanagement\memorymanagement\renderer\renderer\x64\debug\renderer.tlog\cl.read.1.tlog
d:\enginedevlabs\memorymanagement\memorymanagement\renderer\renderer\x64\debug\renderer.tlog\cl.write.1.tlog
d:\enginedevlabs\memorymanagement\memorymanagement\renderer\renderer\x64\debug\renderer.tlog\fxc.command.1.tlog
d:\enginedevlabs\memorymanagement\memorymanagement\renderer\renderer\x64\debug\renderer.tlog\fxc.read.1.tlog
d:\enginedevlabs\memorymanagement\memorymanagement\renderer\renderer\x64\debug\renderer.tlog\fxc.write.1.tlog
d:\enginedevlabs\memorymanagement\memorymanagement\renderer\renderer\x64\debug\renderer.tlog\link.command.1.tlog
d:\enginedevlabs\memorymanagement\memorymanagement\renderer\renderer\x64\debug\renderer.tlog\link.read.1.tlog
d:\enginedevlabs\memorymanagement\memorymanagement\renderer\renderer\x64\debug\renderer.tlog\link.write.1.tlog
